<?xml version="1.0" encoding="UTF-8"?>
<!-- Generated by org.testng.reporters.JUnitXMLReporter -->
<testsuite ignored="0" hostname="DESKTOP-3RGFLRR" failures="0" tests="5" name="Test" time="167.907" errors="0" timestamp="2021-03-22T12:01:15 IST">
  <testcase classname="tests.TestNG" name="getDriver" time="28.087"/>
  <testcase classname="tests.TestNG" name="getGoogleSignIn" time="40.663"/>
  <testcase classname="tests.TestNG" name="getPopularUsedCars" time="34.071"/>
  <testcase classname="tests.TestNG" name="getUpcomingBikes" time="53.839"/>
  <testcase classname="tests.TestNG" name="closeApplication" time="11.043"/>
</testsuite> <!-- Test -->
